<?xml version="1.0" encoding="UTF-8"?>
<coverage generated="1742693430433" clover="3.2.0">
  <project timestamp="1742693430433" name="All files">
    <metrics statements="152" coveredstatements="145" conditionals="82" coveredconditionals="70" methods="47" coveredmethods="45" elements="281" coveredelements="260" complexity="0" loc="152" ncloc="152" packages="8" files="15" classes="15"/>
    <package name="src">
      <metrics statements="1" coveredstatements="0" conditionals="0" coveredconditionals="0" methods="0" coveredmethods="0"/>
      <file name="main.tsx" path="/Users/ductrung/Projects/FSoft/Govtech/dcube-search/src/main.tsx">
        <metrics statements="1" coveredstatements="0" conditionals="0" coveredconditionals="0" methods="0" coveredmethods="0"/>
        <line num="8" count="0" type="stmt"/>
      </file>
    </package>
    <package name="src.components.layout">
      <metrics statements="4" coveredstatements="4" conditionals="0" coveredconditionals="0" methods="4" coveredmethods="4"/>
      <file name="Banner.tsx" path="/Users/ductrung/Projects/FSoft/Govtech/dcube-search/src/components/layout/Banner.tsx">
        <metrics statements="1" coveredstatements="1" conditionals="0" coveredconditionals="0" methods="1" coveredmethods="1"/>
        <line num="6" count="6" type="stmt"/>
      </file>
      <file name="Header.tsx" path="/Users/ductrung/Projects/FSoft/Govtech/dcube-search/src/components/layout/Header.tsx">
        <metrics statements="1" coveredstatements="1" conditionals="0" coveredconditionals="0" methods="1" coveredmethods="1"/>
        <line num="6" count="5" type="stmt"/>
      </file>
      <file name="Layout.tsx" path="/Users/ductrung/Projects/FSoft/Govtech/dcube-search/src/components/layout/Layout.tsx">
        <metrics statements="1" coveredstatements="1" conditionals="0" coveredconditionals="0" methods="1" coveredmethods="1"/>
        <line num="6" count="3" type="stmt"/>
      </file>
      <file name="LayoutContainer.tsx" path="/Users/ductrung/Projects/FSoft/Govtech/dcube-search/src/components/layout/LayoutContainer.tsx">
        <metrics statements="1" coveredstatements="1" conditionals="0" coveredconditionals="0" methods="1" coveredmethods="1"/>
        <line num="11" count="15" type="stmt"/>
      </file>
    </package>
    <package name="src.components.search">
      <metrics statements="92" coveredstatements="89" conditionals="59" coveredconditionals="53" methods="23" coveredmethods="22"/>
      <file name="SearchForm.tsx" path="/Users/ductrung/Projects/FSoft/Govtech/dcube-search/src/components/search/SearchForm.tsx">
        <metrics statements="74" coveredstatements="72" conditionals="39" coveredconditionals="33" methods="15" coveredmethods="15"/>
        <line num="19" count="64" type="stmt"/>
        <line num="20" count="64" type="stmt"/>
        <line num="22" count="64" type="cond" truecount="2" falsecount="0"/>
        <line num="23" count="64" type="stmt"/>
        <line num="24" count="64" type="stmt"/>
        <line num="25" count="64" type="stmt"/>
        <line num="26" count="64" type="stmt"/>
        <line num="27" count="64" type="stmt"/>
        <line num="28" count="64" type="stmt"/>
        <line num="30" count="64" type="stmt"/>
        <line num="31" count="64" type="stmt"/>
        <line num="33" count="64" type="stmt"/>
        <line num="34" count="12" type="cond" truecount="2" falsecount="0"/>
        <line num="35" count="2" type="stmt"/>
        <line num="36" count="2" type="stmt"/>
        <line num="37" count="2" type="stmt"/>
        <line num="38" count="2" type="stmt"/>
        <line num="39" count="2" type="stmt"/>
        <line num="43" count="64" type="stmt"/>
        <line num="44" count="15" type="stmt"/>
        <line num="46" count="15" type="stmt"/>
        <line num="47" count="15" type="stmt"/>
        <line num="51" count="64" type="stmt"/>
        <line num="52" count="19" type="cond" truecount="2" falsecount="0"/>
        <line num="53" count="17" type="stmt"/>
        <line num="54" count="17" type="stmt"/>
        <line num="56" count="2" type="stmt"/>
        <line num="57" count="2" type="stmt"/>
        <line num="61" count="64" type="stmt"/>
        <line num="62" count="25" type="cond" truecount="2" falsecount="0"/>
        <line num="63" count="7" type="stmt"/>
        <line num="65" count="18" type="stmt"/>
        <line num="69" count="64" type="stmt"/>
        <line num="70" count="35" type="stmt"/>
        <line num="71" count="35" type="stmt"/>
        <line num="73" count="35" type="cond" truecount="2" falsecount="0"/>
        <line num="74" count="28" type="stmt"/>
        <line num="76" count="28" type="stmt"/>
        <line num="78" count="28" type="stmt"/>
        <line num="79" count="28" type="stmt"/>
        <line num="83" count="7" type="stmt"/>
        <line num="87" count="64" type="stmt"/>
        <line num="88" count="1" type="stmt"/>
        <line num="89" count="1" type="stmt"/>
        <line num="92" count="1" type="stmt"/>
        <line num="95" count="1" type="stmt"/>
        <line num="97" count="1" type="stmt"/>
        <line num="100" count="64" type="stmt"/>
        <line num="101" count="3" type="cond" truecount="2" falsecount="0"/>
        <line num="102" count="2" type="cond" truecount="1" falsecount="1"/>
        <line num="103" count="2" type="stmt"/>
        <line num="105" count="0" type="stmt"/>
        <line num="107" count="1" type="cond" truecount="1" falsecount="1"/>
        <line num="108" count="1" type="cond" truecount="1" falsecount="1"/>
        <line num="109" count="1" type="stmt"/>
        <line num="111" count="0" type="stmt"/>
        <line num="116" count="64" type="stmt"/>
        <line num="117" count="1" type="stmt"/>
        <line num="118" count="1" type="stmt"/>
        <line num="119" count="1" type="stmt"/>
        <line num="120" count="1" type="cond" truecount="1" falsecount="1"/>
        <line num="125" count="64" type="stmt"/>
        <line num="126" count="39" type="cond" truecount="2" falsecount="0"/>
        <line num="127" count="3" type="stmt"/>
        <line num="128" count="3" type="cond" truecount="3" falsecount="1"/>
        <line num="129" count="3" type="stmt"/>
        <line num="132" count="39" type="cond" truecount="2" falsecount="0"/>
        <line num="133" count="1" type="stmt"/>
        <line num="134" count="1" type="stmt"/>
        <line num="137" count="1" type="stmt"/>
        <line num="141" count="64" type="stmt"/>
        <line num="142" count="1" type="stmt"/>
        <line num="144" count="1" type="cond" truecount="1" falsecount="1"/>
        <line num="147" count="64" type="stmt"/>
      </file>
      <file name="SearchResult.tsx" path="/Users/ductrung/Projects/FSoft/Govtech/dcube-search/src/components/search/SearchResult.tsx">
        <metrics statements="13" coveredstatements="12" conditionals="13" coveredconditionals="13" methods="4" coveredmethods="3"/>
        <line num="12" count="5" type="stmt"/>
        <line num="14" count="5" type="stmt"/>
        <line num="15" count="4" type="stmt"/>
        <line num="16" count="0" type="stmt"/>
        <line num="20" count="5" type="stmt"/>
        <line num="22" count="5" type="cond" truecount="5" falsecount="0"/>
        <line num="23" count="2" type="stmt"/>
        <line num="24" count="3" type="cond" truecount="5" falsecount="0"/>
        <line num="25" count="2" type="stmt"/>
        <line num="28" count="1" type="stmt"/>
        <line num="29" count="1" type="stmt"/>
        <line num="31" count="1" type="stmt"/>
        <line num="41" count="10" type="stmt"/>
      </file>
      <file name="SearchResultItem.tsx" path="/Users/ductrung/Projects/FSoft/Govtech/dcube-search/src/components/search/SearchResultItem.tsx">
        <metrics statements="1" coveredstatements="1" conditionals="0" coveredconditionals="0" methods="1" coveredmethods="1"/>
        <line num="17" count="10" type="stmt"/>
      </file>
      <file name="SearchSuggestion.tsx" path="/Users/ductrung/Projects/FSoft/Govtech/dcube-search/src/components/search/SearchSuggestion.tsx">
        <metrics statements="4" coveredstatements="4" conditionals="7" coveredconditionals="7" methods="3" coveredmethods="3"/>
        <line num="20" count="40" type="stmt"/>
        <line num="21" count="1" type="stmt"/>
        <line num="24" count="40" type="stmt"/>
        <line num="31" count="60" type="stmt"/>
      </file>
    </package>
    <package name="src.components.ui">
      <metrics statements="1" coveredstatements="1" conditionals="0" coveredconditionals="0" methods="1" coveredmethods="1"/>
      <file name="LoadingSpinner.tsx" path="/Users/ductrung/Projects/FSoft/Govtech/dcube-search/src/components/ui/LoadingSpinner.tsx">
        <metrics statements="1" coveredstatements="1" conditionals="0" coveredconditionals="0" methods="1" coveredmethods="1"/>
        <line num="4" count="32" type="stmt"/>
      </file>
    </package>
    <package name="src.hooks">
      <metrics statements="14" coveredstatements="12" conditionals="10" coveredconditionals="6" methods="6" coveredmethods="5"/>
      <file name="use-request.ts" path="/Users/ductrung/Projects/FSoft/Govtech/dcube-search/src/hooks/use-request.ts">
        <metrics statements="14" coveredstatements="12" conditionals="10" coveredconditionals="6" methods="6" coveredmethods="5"/>
        <line num="5" count="66" type="stmt"/>
        <line num="15" count="66" type="stmt"/>
        <line num="23" count="29" type="stmt"/>
        <line num="24" count="29" type="stmt"/>
        <line num="25" count="29" type="stmt"/>
        <line num="27" count="28" type="stmt"/>
        <line num="29" count="28" type="cond" truecount="3" falsecount="1"/>
        <line num="30" count="0" type="stmt"/>
        <line num="33" count="28" type="stmt"/>
        <line num="38" count="28" type="cond" truecount="3" falsecount="1"/>
        <line num="39" count="28" type="stmt"/>
        <line num="42" count="0" type="stmt"/>
        <line num="47" count="28" type="stmt"/>
        <line num="53" count="66" type="stmt"/>
      </file>
    </package>
    <package name="src.lib">
      <metrics statements="30" coveredstatements="29" conditionals="11" coveredconditionals="9" methods="10" coveredmethods="10"/>
      <file name="util.tsx" path="/Users/ductrung/Projects/FSoft/Govtech/dcube-search/src/lib/util.tsx">
        <metrics statements="30" coveredstatements="29" conditionals="11" coveredconditionals="9" methods="10" coveredmethods="10"/>
        <line num="6" count="187" type="stmt"/>
        <line num="12" count="29" type="stmt"/>
        <line num="13" count="29" type="stmt"/>
        <line num="14" count="1241" type="cond" truecount="2" falsecount="0"/>
        <line num="21" count="599" type="stmt"/>
        <line num="24" count="599" type="stmt"/>
        <line num="26" count="1243" type="cond" truecount="1" falsecount="1"/>
        <line num="27" count="0" type="stmt"/>
        <line num="31" count="1243" type="stmt"/>
        <line num="32" count="1243" type="stmt"/>
        <line num="36" count="599" type="stmt"/>
        <line num="40" count="30" type="stmt"/>
        <line num="48" count="29" type="stmt"/>
        <line num="49" count="29" type="stmt"/>
        <line num="51" count="29" type="stmt"/>
        <line num="52" count="290" type="stmt"/>
        <line num="53" count="290" type="stmt"/>
        <line num="55" count="290" type="stmt"/>
        <line num="56" count="290" type="stmt"/>
        <line num="59" count="29" type="stmt"/>
        <line num="61" count="29" type="cond" truecount="3" falsecount="1"/>
        <line num="62" count="29" type="stmt"/>
        <line num="65" count="29" type="stmt"/>
        <line num="72" count="1" type="stmt"/>
        <line num="74" count="1" type="stmt"/>
        <line num="75" count="10" type="stmt"/>
        <line num="76" count="10" type="stmt"/>
        <line num="78" count="10" type="cond" truecount="2" falsecount="0"/>
        <line num="81" count="1" type="stmt"/>
        <line num="83" count="1" type="stmt"/>
      </file>
    </package>
    <package name="src.pages">
      <metrics statements="4" coveredstatements="4" conditionals="2" coveredconditionals="2" methods="2" coveredmethods="2"/>
      <file name="Landing.tsx" path="/Users/ductrung/Projects/FSoft/Govtech/dcube-search/src/pages/Landing.tsx">
        <metrics statements="1" coveredstatements="1" conditionals="0" coveredconditionals="0" methods="1" coveredmethods="1"/>
        <line num="4" count="1" type="stmt"/>
      </file>
      <file name="SearchResult.tsx" path="/Users/ductrung/Projects/FSoft/Govtech/dcube-search/src/pages/SearchResult.tsx">
        <metrics statements="3" coveredstatements="3" conditionals="2" coveredconditionals="2" methods="1" coveredmethods="1"/>
        <line num="6" count="1" type="stmt"/>
        <line num="8" count="1" type="cond" truecount="2" falsecount="0"/>
        <line num="9" count="1" type="stmt"/>
      </file>
    </package>
    <package name="tests">
      <metrics statements="6" coveredstatements="6" conditionals="0" coveredconditionals="0" methods="1" coveredmethods="1"/>
      <file name="mock.ts" path="/Users/ductrung/Projects/FSoft/Govtech/dcube-search/tests/mock.ts">
        <metrics statements="6" coveredstatements="6" conditionals="0" coveredconditionals="0" methods="1" coveredmethods="1"/>
        <line num="3" count="3" type="stmt"/>
        <line num="4" count="3" type="stmt"/>
        <line num="5" count="30" type="stmt"/>
        <line num="19" count="3" type="stmt"/>
        <line num="27" count="3" type="stmt"/>
        <line num="28" count="15" type="stmt"/>
      </file>
    </package>
  </project>
</coverage>
