{"/Users/ductrung/Projects/FSoft/Govtech/dcube-search/src/main.tsx": {"path":"/Users/ductrung/Projects/FSoft/Govtech/dcube-search/src/main.tsx","statementMap":{"0":{"start":{"line":8,"column":0},"end":{"line":17,"column":null}}},"fnMap":{},"branchMap":{},"s":{"0":0},"f":{},"b":{}}
,"/Users/ductrung/Projects/FSoft/Govtech/dcube-search/src/components/layout/Banner.tsx": {"path":"/Users/ductrung/Projects/FSoft/Govtech/dcube-search/src/components/layout/Banner.tsx","statementMap":{"0":{"start":{"line":6,"column":2},"end":{"line":15,"column":null}}},"fnMap":{"0":{"name":"Banner","decl":{"start":{"line":4,"column":24},"end":{"line":4,"column":33}},"loc":{"start":{"line":4,"column":33},"end":{"line":17,"column":null}}}},"branchMap":{},"s":{"0":6},"f":{"0":6},"b":{}}
,"/Users/ductrung/Projects/FSoft/Govtech/dcube-search/src/components/layout/Header.tsx": {"path":"/Users/ductrung/Projects/FSoft/Govtech/dcube-search/src/components/layout/Header.tsx","statementMap":{"0":{"start":{"line":6,"column":2},"end":{"line":15,"column":null}}},"fnMap":{"0":{"name":"Header","decl":{"start":{"line":5,"column":24},"end":{"line":5,"column":33}},"loc":{"start":{"line":5,"column":33},"end":{"line":17,"column":null}}}},"branchMap":{},"s":{"0":5},"f":{"0":5},"b":{}}
,"/Users/ductrung/Projects/FSoft/Govtech/dcube-search/src/components/layout/Layout.tsx": {"path":"/Users/ductrung/Projects/FSoft/Govtech/dcube-search/src/components/layout/Layout.tsx","statementMap":{"0":{"start":{"line":6,"column":2},"end":{"line":12,"column":null}}},"fnMap":{"0":{"name":"Layout","decl":{"start":{"line":5,"column":24},"end":{"line":5,"column":31}},"loc":{"start":{"line":5,"column":70},"end":{"line":14,"column":null}}}},"branchMap":{},"s":{"0":3},"f":{"0":3},"b":{}}
,"/Users/ductrung/Projects/FSoft/Govtech/dcube-search/src/components/layout/LayoutContainer.tsx": {"path":"/Users/ductrung/Projects/FSoft/Govtech/dcube-search/src/components/layout/LayoutContainer.tsx","statementMap":{"0":{"start":{"line":11,"column":2},"end":{"line":19,"column":null}}},"fnMap":{"0":{"name":"Container","decl":{"start":{"line":10,"column":24},"end":{"line":10,"column":34}},"loc":{"start":{"line":10,"column":91},"end":{"line":21,"column":null}}}},"branchMap":{},"s":{"0":15},"f":{"0":15},"b":{}}
,"/Users/ductrung/Projects/FSoft/Govtech/dcube-search/src/components/search/SearchForm.tsx": {"path":"/Users/ductrung/Projects/FSoft/Govtech/dcube-search/src/components/search/SearchForm.tsx","statementMap":{"0":{"start":{"line":19,"column":19},"end":{"line":19,"column":null}},"1":{"start":{"line":20,"column":25},"end":{"line":20,"column":null}},"2":{"start":{"line":22,"column":14},"end":{"line":22,"column":null}},"3":{"start":{"line":23,"column":38},"end":{"line":23,"column":null}},"4":{"start":{"line":24,"column":38},"end":{"line":24,"column":null}},"5":{"start":{"line":25,"column":40},"end":{"line":25,"column":null}},"6":{"start":{"line":26,"column":54},"end":{"line":26,"column":null}},"7":{"start":{"line":27,"column":23},"end":{"line":27,"column":null}},"8":{"start":{"line":28,"column":30},"end":{"line":28,"column":null}},"9":{"start":{"line":30,"column":32},"end":{"line":30,"column":null}},"10":{"start":{"line":31,"column":29},"end":{"line":31,"column":null}},"11":{"start":{"line":33,"column":27},"end":{"line":41,"column":null}},"12":{"start":{"line":34,"column":4},"end":{"line":40,"column":null}},"13":{"start":{"line":35,"column":6},"end":{"line":35,"column":null}},"14":{"start":{"line":36,"column":6},"end":{"line":36,"column":null}},"15":{"start":{"line":37,"column":6},"end":{"line":37,"column":null}},"16":{"start":{"line":38,"column":6},"end":{"line":38,"column":null}},"17":{"start":{"line":39,"column":6},"end":{"line":39,"column":null}},"18":{"start":{"line":43,"column":2},"end":{"line":49,"column":null}},"19":{"start":{"line":44,"column":4},"end":{"line":44,"column":null}},"20":{"start":{"line":46,"column":4},"end":{"line":48,"column":null}},"21":{"start":{"line":47,"column":6},"end":{"line":47,"column":null}},"22":{"start":{"line":51,"column":2},"end":{"line":59,"column":null}},"23":{"start":{"line":52,"column":4},"end":{"line":58,"column":null}},"24":{"start":{"line":53,"column":6},"end":{"line":53,"column":null}},"25":{"start":{"line":54,"column":6},"end":{"line":54,"column":null}},"26":{"start":{"line":56,"column":6},"end":{"line":56,"column":null}},"27":{"start":{"line":57,"column":6},"end":{"line":57,"column":null}},"28":{"start":{"line":61,"column":2},"end":{"line":67,"column":null}},"29":{"start":{"line":62,"column":4},"end":{"line":66,"column":null}},"30":{"start":{"line":63,"column":6},"end":{"line":63,"column":null}},"31":{"start":{"line":65,"column":6},"end":{"line":65,"column":null}},"32":{"start":{"line":69,"column":34},"end":{"line":85,"column":null}},"33":{"start":{"line":70,"column":18},"end":{"line":70,"column":null}},"34":{"start":{"line":71,"column":4},"end":{"line":71,"column":null}},"35":{"start":{"line":73,"column":4},"end":{"line":84,"column":null}},"36":{"start":{"line":74,"column":6},"end":{"line":74,"column":null}},"37":{"start":{"line":76,"column":6},"end":{"line":81,"column":null}},"38":{"start":{"line":78,"column":35},"end":{"line":78,"column":null}},"39":{"start":{"line":79,"column":10},"end":{"line":79,"column":null}},"40":{"start":{"line":83,"column":6},"end":{"line":83,"column":null}},"41":{"start":{"line":87,"column":63},"end":{"line":98,"column":null}},"42":{"start":{"line":88,"column":4},"end":{"line":88,"column":null}},"43":{"start":{"line":89,"column":4},"end":{"line":89,"column":null}},"44":{"start":{"line":92,"column":4},"end":{"line":92,"column":null}},"45":{"start":{"line":95,"column":4},"end":{"line":95,"column":null}},"46":{"start":{"line":97,"column":4},"end":{"line":97,"column":null}},"47":{"start":{"line":100,"column":35},"end":{"line":114,"column":null}},"48":{"start":{"line":101,"column":4},"end":{"line":113,"column":null}},"49":{"start":{"line":102,"column":6},"end":{"line":106,"column":null}},"50":{"start":{"line":103,"column":8},"end":{"line":103,"column":null}},"51":{"start":{"line":103,"column":40},"end":{"line":103,"column":48}},"52":{"start":{"line":105,"column":8},"end":{"line":105,"column":null}},"53":{"start":{"line":107,"column":4},"end":{"line":113,"column":null}},"54":{"start":{"line":108,"column":6},"end":{"line":112,"column":null}},"55":{"start":{"line":109,"column":8},"end":{"line":109,"column":null}},"56":{"start":{"line":109,"column":40},"end":{"line":109,"column":48}},"57":{"start":{"line":111,"column":8},"end":{"line":111,"column":null}},"58":{"start":{"line":116,"column":19},"end":{"line":121,"column":null}},"59":{"start":{"line":117,"column":4},"end":{"line":117,"column":null}},"60":{"start":{"line":118,"column":4},"end":{"line":118,"column":null}},"61":{"start":{"line":119,"column":4},"end":{"line":119,"column":null}},"62":{"start":{"line":120,"column":4},"end":{"line":120,"column":null}},"63":{"start":{"line":125,"column":6},"end":{"line":139,"column":null}},"64":{"start":{"line":126,"column":4},"end":{"line":131,"column":null}},"65":{"start":{"line":127,"column":6},"end":{"line":127,"column":null}},"66":{"start":{"line":128,"column":6},"end":{"line":130,"column":null}},"67":{"start":{"line":129,"column":8},"end":{"line":129,"column":null}},"68":{"start":{"line":132,"column":4},"end":{"line":138,"column":null}},"69":{"start":{"line":133,"column":6},"end":{"line":133,"column":null}},"70":{"start":{"line":134,"column":19},"end":{"line":136,"column":null}},"71":{"start":{"line":137,"column":6},"end":{"line":137,"column":null}},"72":{"start":{"line":141,"column":24},"end":{"line":145,"column":null}},"73":{"start":{"line":142,"column":4},"end":{"line":142,"column":null}},"74":{"start":{"line":144,"column":4},"end":{"line":144,"column":null}},"75":{"start":{"line":147,"column":2},"end":{"line":217,"column":null}}},"fnMap":{"0":{"name":"SearchForm","decl":{"start":{"line":18,"column":24},"end":{"line":18,"column":37}},"loc":{"start":{"line":18,"column":37},"end":{"line":219,"column":null}}},"1":{"name":"(anonymous_1)","decl":{"start":{"line":33,"column":39},"end":{"line":33,"column":40}},"loc":{"start":{"line":33,"column":58},"end":{"line":41,"column":5}}},"2":{"name":"(anonymous_2)","decl":{"start":{"line":43,"column":12},"end":{"line":43,"column":18}},"loc":{"start":{"line":43,"column":18},"end":{"line":49,"column":5}}},"3":{"name":"(anonymous_3)","decl":{"start":{"line":46,"column":11},"end":{"line":46,"column":17}},"loc":{"start":{"line":46,"column":17},"end":{"line":48,"column":null}}},"4":{"name":"(anonymous_4)","decl":{"start":{"line":51,"column":12},"end":{"line":51,"column":18}},"loc":{"start":{"line":51,"column":18},"end":{"line":59,"column":5}}},"5":{"name":"(anonymous_5)","decl":{"start":{"line":61,"column":12},"end":{"line":61,"column":18}},"loc":{"start":{"line":61,"column":18},"end":{"line":67,"column":5}}},"6":{"name":"(anonymous_6)","decl":{"start":{"line":69,"column":34},"end":{"line":69,"column":35}},"loc":{"start":{"line":69,"column":76},"end":{"line":85,"column":null}}},"7":{"name":"(anonymous_7)","decl":{"start":{"line":77,"column":19},"end":{"line":77,"column":20}},"loc":{"start":{"line":77,"column":29},"end":{"line":80,"column":null}}},"8":{"name":"(anonymous_8)","decl":{"start":{"line":87,"column":63},"end":{"line":87,"column":64}},"loc":{"start":{"line":87,"column":74},"end":{"line":98,"column":null}}},"9":{"name":"(anonymous_9)","decl":{"start":{"line":100,"column":35},"end":{"line":100,"column":36}},"loc":{"start":{"line":100,"column":70},"end":{"line":114,"column":null}}},"10":{"name":"(anonymous_10)","decl":{"start":{"line":103,"column":30},"end":{"line":103,"column":31}},"loc":{"start":{"line":103,"column":40},"end":{"line":103,"column":48}}},"11":{"name":"(anonymous_11)","decl":{"start":{"line":109,"column":30},"end":{"line":109,"column":31}},"loc":{"start":{"line":109,"column":40},"end":{"line":109,"column":48}}},"12":{"name":"(anonymous_12)","decl":{"start":{"line":116,"column":19},"end":{"line":116,"column":20}},"loc":{"start":{"line":116,"column":43},"end":{"line":121,"column":null}}},"13":{"name":"(anonymous_13)","decl":{"start":{"line":125,"column":6},"end":{"line":125,"column":7}},"loc":{"start":{"line":125,"column":17},"end":{"line":139,"column":null}}},"14":{"name":"(anonymous_14)","decl":{"start":{"line":141,"column":24},"end":{"line":141,"column":31}},"loc":{"start":{"line":141,"column":52},"end":{"line":145,"column":null}}}},"branchMap":{"0":{"loc":{"start":{"line":22,"column":14},"end":{"line":22,"column":null}},"type":"binary-expr","locations":[{"start":{"line":22,"column":14},"end":{"line":22,"column":41}},{"start":{"line":22,"column":41},"end":{"line":22,"column":null}}]},"1":{"loc":{"start":{"line":34,"column":4},"end":{"line":40,"column":null}},"type":"if","locations":[{"start":{"line":34,"column":4},"end":{"line":40,"column":null}},{"start":{},"end":{}}]},"2":{"loc":{"start":{"line":52,"column":4},"end":{"line":58,"column":null}},"type":"if","locations":[{"start":{"line":52,"column":4},"end":{"line":58,"column":null}},{"start":{"line":55,"column":11},"end":{"line":58,"column":null}}]},"3":{"loc":{"start":{"line":62,"column":4},"end":{"line":66,"column":null}},"type":"if","locations":[{"start":{"line":62,"column":4},"end":{"line":66,"column":null}},{"start":{"line":64,"column":11},"end":{"line":66,"column":null}}]},"4":{"loc":{"start":{"line":73,"column":4},"end":{"line":84,"column":null}},"type":"if","locations":[{"start":{"line":73,"column":4},"end":{"line":84,"column":null}},{"start":{"line":82,"column":11},"end":{"line":84,"column":null}}]},"5":{"loc":{"start":{"line":101,"column":4},"end":{"line":113,"column":null}},"type":"if","locations":[{"start":{"line":101,"column":4},"end":{"line":113,"column":null}},{"start":{"line":107,"column":4},"end":{"line":113,"column":null}}]},"6":{"loc":{"start":{"line":102,"column":6},"end":{"line":106,"column":null}},"type":"if","locations":[{"start":{"line":102,"column":6},"end":{"line":106,"column":null}},{"start":{"line":104,"column":13},"end":{"line":106,"column":null}}]},"7":{"loc":{"start":{"line":107,"column":4},"end":{"line":113,"column":null}},"type":"if","locations":[{"start":{"line":107,"column":4},"end":{"line":113,"column":null}},{"start":{},"end":{}}]},"8":{"loc":{"start":{"line":108,"column":6},"end":{"line":112,"column":null}},"type":"if","locations":[{"start":{"line":108,"column":6},"end":{"line":112,"column":null}},{"start":{"line":110,"column":13},"end":{"line":112,"column":null}}]},"9":{"loc":{"start":{"line":120,"column":13},"end":{"line":120,"column":66}},"type":"cond-expr","locations":[{"start":{"line":120,"column":26},"end":{"line":120,"column":63}},{"start":{"line":120,"column":63},"end":{"line":120,"column":66}}]},"10":{"loc":{"start":{"line":126,"column":4},"end":{"line":131,"column":null}},"type":"if","locations":[{"start":{"line":126,"column":4},"end":{"line":131,"column":null}},{"start":{},"end":{}}]},"11":{"loc":{"start":{"line":128,"column":6},"end":{"line":130,"column":null}},"type":"if","locations":[{"start":{"line":128,"column":6},"end":{"line":130,"column":null}},{"start":{},"end":{}}]},"12":{"loc":{"start":{"line":128,"column":10},"end":{"line":128,"column":51}},"type":"binary-expr","locations":[{"start":{"line":128,"column":10},"end":{"line":128,"column":27}},{"start":{"line":128,"column":27},"end":{"line":128,"column":51}}]},"13":{"loc":{"start":{"line":132,"column":4},"end":{"line":138,"column":null}},"type":"if","locations":[{"start":{"line":132,"column":4},"end":{"line":138,"column":null}},{"start":{},"end":{}}]},"14":{"loc":{"start":{"line":144,"column":13},"end":{"line":144,"column":66}},"type":"cond-expr","locations":[{"start":{"line":144,"column":26},"end":{"line":144,"column":63}},{"start":{"line":144,"column":63},"end":{"line":144,"column":66}}]},"15":{"loc":{"start":{"line":156,"column":10},"end":{"line":156,"column":null}},"type":"cond-expr","locations":[{"start":{"line":156,"column":23},"end":{"line":156,"column":43}},{"start":{"line":156,"column":43},"end":{"line":156,"column":null}}]},"16":{"loc":{"start":{"line":172,"column":15},"end":{"line":180,"column":null}},"type":"binary-expr","locations":[{"start":{"line":172,"column":15},"end":{"line":172,"column":31}},{"start":{"line":172,"column":31},"end":{"line":172,"column":null}},{"start":{"line":173,"column":16},"end":{"line":180,"column":null}}]},"17":{"loc":{"start":{"line":182,"column":15},"end":{"line":185,"column":null}},"type":"binary-expr","locations":[{"start":{"line":182,"column":15},"end":{"line":182,"column":null}},{"start":{"line":183,"column":16},"end":{"line":185,"column":null}}]},"18":{"loc":{"start":{"line":189,"column":11},"end":{"line":203,"column":null}},"type":"binary-expr","locations":[{"start":{"line":189,"column":11},"end":{"line":189,"column":null}},{"start":{"line":190,"column":12},"end":{"line":203,"column":null}}]}},"s":{"0":64,"1":64,"2":64,"3":64,"4":64,"5":64,"6":64,"7":64,"8":64,"9":64,"10":64,"11":64,"12":12,"13":2,"14":2,"15":2,"16":2,"17":2,"18":64,"19":15,"20":15,"21":15,"22":64,"23":19,"24":17,"25":17,"26":2,"27":2,"28":64,"29":25,"30":7,"31":18,"32":64,"33":35,"34":35,"35":35,"36":28,"37":28,"38":28,"39":28,"40":7,"41":64,"42":1,"43":1,"44":1,"45":1,"46":1,"47":64,"48":3,"49":2,"50":2,"51":2,"52":0,"53":1,"54":1,"55":1,"56":1,"57":0,"58":64,"59":1,"60":1,"61":1,"62":1,"63":64,"64":39,"65":3,"66":3,"67":3,"68":39,"69":1,"70":1,"71":1,"72":64,"73":1,"74":1,"75":64},"f":{"0":64,"1":12,"2":15,"3":15,"4":19,"5":25,"6":35,"7":28,"8":1,"9":3,"10":2,"11":1,"12":1,"13":39,"14":1},"b":{"0":[64,64],"1":[2,10],"2":[17,2],"3":[7,18],"4":[28,7],"5":[2,1],"6":[2,0],"7":[1,0],"8":[1,0],"9":[0,1],"10":[3,36],"11":[3,0],"12":[3,3],"13":[1,38],"14":[1,0],"15":[38,26],"16":[64,46,17],"17":[64,29],"18":[64,38]}}
,"/Users/ductrung/Projects/FSoft/Govtech/dcube-search/src/components/search/SearchResult.tsx": {"path":"/Users/ductrung/Projects/FSoft/Govtech/dcube-search/src/components/search/SearchResult.tsx","statementMap":{"0":{"start":{"line":12,"column":32},"end":{"line":12,"column":null}},"1":{"start":{"line":14,"column":2},"end":{"line":18,"column":null}},"2":{"start":{"line":15,"column":4},"end":{"line":17,"column":null}},"3":{"start":{"line":16,"column":30},"end":{"line":16,"column":null}},"4":{"start":{"line":20,"column":35},"end":{"line":20,"column":null}},"5":{"start":{"line":22,"column":2},"end":{"line":26,"column":null}},"6":{"start":{"line":23,"column":4},"end":{"line":23,"column":null}},"7":{"start":{"line":24,"column":2},"end":{"line":26,"column":null}},"8":{"start":{"line":25,"column":4},"end":{"line":25,"column":null}},"9":{"start":{"line":28,"column":8},"end":{"line":28,"column":null}},"10":{"start":{"line":29,"column":21},"end":{"line":29,"column":null}},"11":{"start":{"line":31,"column":2},"end":{"line":53,"column":null}},"12":{"start":{"line":41,"column":14},"end":{"line":48,"column":null}}},"fnMap":{"0":{"name":"SearchResult","decl":{"start":{"line":11,"column":24},"end":{"line":11,"column":37}},"loc":{"start":{"line":11,"column":71},"end":{"line":55,"column":null}}},"1":{"name":"(anonymous_1)","decl":{"start":{"line":14,"column":12},"end":{"line":14,"column":18}},"loc":{"start":{"line":14,"column":18},"end":{"line":18,"column":5}}},"2":{"name":"(anonymous_2)","decl":{"start":{"line":16,"column":20},"end":{"line":16,"column":21}},"loc":{"start":{"line":16,"column":30},"end":{"line":16,"column":null}}},"3":{"name":"(anonymous_3)","decl":{"start":{"line":40,"column":34},"end":{"line":40,"column":35}},"loc":{"start":{"line":41,"column":14},"end":{"line":48,"column":null}}}},"branchMap":{"0":{"loc":{"start":{"line":22,"column":2},"end":{"line":26,"column":null}},"type":"if","locations":[{"start":{"line":22,"column":2},"end":{"line":26,"column":null}},{"start":{"line":24,"column":2},"end":{"line":26,"column":null}}]},"1":{"loc":{"start":{"line":22,"column":6},"end":{"line":22,"column":36}},"type":"binary-expr","locations":[{"start":{"line":22,"column":6},"end":{"line":22,"column":16}},{"start":{"line":22,"column":16},"end":{"line":22,"column":26}},{"start":{"line":22,"column":26},"end":{"line":22,"column":36}}]},"2":{"loc":{"start":{"line":24,"column":2},"end":{"line":26,"column":null}},"type":"if","locations":[{"start":{"line":24,"column":2},"end":{"line":26,"column":null}},{"start":{},"end":{}}]},"3":{"loc":{"start":{"line":24,"column":13},"end":{"line":24,"column":67}},"type":"binary-expr","locations":[{"start":{"line":24,"column":13},"end":{"line":24,"column":23}},{"start":{"line":24,"column":23},"end":{"line":24,"column":33}},{"start":{"line":24,"column":33},"end":{"line":24,"column":67}}]},"4":{"loc":{"start":{"line":33,"column":7},"end":{"line":51,"column":null}},"type":"binary-expr","locations":[{"start":{"line":33,"column":7},"end":{"line":33,"column":38}},{"start":{"line":33,"column":38},"end":{"line":33,"column":null}},{"start":{"line":34,"column":8},"end":{"line":51,"column":null}}]}},"s":{"0":5,"1":5,"2":4,"3":0,"4":5,"5":5,"6":2,"7":3,"8":2,"9":1,"10":1,"11":1,"12":10},"f":{"0":5,"1":4,"2":0,"3":10},"b":{"0":[2,3],"1":[5,3,3],"2":[2,1],"3":[3,2,2],"4":[1,1,1]}}
,"/Users/ductrung/Projects/FSoft/Govtech/dcube-search/src/components/search/SearchResultItem.tsx": {"path":"/Users/ductrung/Projects/FSoft/Govtech/dcube-search/src/components/search/SearchResultItem.tsx","statementMap":{"0":{"start":{"line":17,"column":2},"end":{"line":42,"column":null}}},"fnMap":{"0":{"name":"SearchResultItem","decl":{"start":{"line":11,"column":24},"end":{"line":11,"column":41}},"loc":{"start":{"line":16,"column":21},"end":{"line":44,"column":null}}}},"branchMap":{},"s":{"0":10},"f":{"0":10},"b":{}}
,"/Users/ductrung/Projects/FSoft/Govtech/dcube-search/src/components/search/SearchSuggestion.tsx": {"path":"/Users/ductrung/Projects/FSoft/Govtech/dcube-search/src/components/search/SearchSuggestion.tsx","statementMap":{"0":{"start":{"line":20,"column":61},"end":{"line":22,"column":null}},"1":{"start":{"line":21,"column":4},"end":{"line":21,"column":null}},"2":{"start":{"line":24,"column":2},"end":{"line":50,"column":null}},"3":{"start":{"line":31,"column":14},"end":{"line":46,"column":null}}},"fnMap":{"0":{"name":"SearchSuggestion","decl":{"start":{"line":13,"column":24},"end":{"line":13,"column":41}},"loc":{"start":{"line":19,"column":26},"end":{"line":52,"column":null}}},"1":{"name":"(anonymous_1)","decl":{"start":{"line":20,"column":61},"end":{"line":20,"column":62}},"loc":{"start":{"line":20,"column":72},"end":{"line":22,"column":null}}},"2":{"name":"(anonymous_2)","decl":{"start":{"line":30,"column":28},"end":{"line":30,"column":29}},"loc":{"start":{"line":31,"column":14},"end":{"line":46,"column":null}}}},"branchMap":{"0":{"loc":{"start":{"line":26,"column":7},"end":{"line":48,"column":null}},"type":"binary-expr","locations":[{"start":{"line":26,"column":7},"end":{"line":26,"column":null}},{"start":{"line":27,"column":8},"end":{"line":48,"column":null}}]},"1":{"loc":{"start":{"line":28,"column":11},"end":{"line":47,"column":null}},"type":"binary-expr","locations":[{"start":{"line":28,"column":11},"end":{"line":28,"column":null}},{"start":{"line":29,"column":12},"end":{"line":29,"column":null}},{"start":{"line":30,"column":12},"end":{"line":47,"column":null}}]},"2":{"loc":{"start":{"line":35,"column":18},"end":{"line":35,"column":null}},"type":"cond-expr","locations":[{"start":{"line":35,"column":42},"end":{"line":35,"column":64}},{"start":{"line":35,"column":64},"end":{"line":35,"column":null}}]}},"s":{"0":40,"1":1,"2":40,"3":60},"f":{"0":40,"1":1,"2":60},"b":{"0":[40,40],"1":[40,40,12],"2":[5,55]}}
,"/Users/ductrung/Projects/FSoft/Govtech/dcube-search/src/components/ui/LoadingSpinner.tsx": {"path":"/Users/ductrung/Projects/FSoft/Govtech/dcube-search/src/components/ui/LoadingSpinner.tsx","statementMap":{"0":{"start":{"line":4,"column":2},"end":{"line":25,"column":null}}},"fnMap":{"0":{"name":"LoadingSpinner","decl":{"start":{"line":3,"column":24},"end":{"line":3,"column":39}},"loc":{"start":{"line":3,"column":78},"end":{"line":27,"column":null}}}},"branchMap":{},"s":{"0":32},"f":{"0":32},"b":{}}
,"/Users/ductrung/Projects/FSoft/Govtech/dcube-search/src/hooks/use-request.ts": {"path":"/Users/ductrung/Projects/FSoft/Govtech/dcube-search/src/hooks/use-request.ts","statementMap":{"0":{"start":{"line":5,"column":34},"end":{"line":13,"column":null}},"1":{"start":{"line":15,"column":18},"end":{"line":51,"column":null}},"2":{"start":{"line":23,"column":6},"end":{"line":23,"column":null}},"3":{"start":{"line":23,"column":29},"end":{"line":23,"column":56}},"4":{"start":{"line":24,"column":6},"end":{"line":48,"column":null}},"5":{"start":{"line":25,"column":20},"end":{"line":25,"column":null}},"6":{"start":{"line":27,"column":35},"end":{"line":27,"column":null}},"7":{"start":{"line":29,"column":8},"end":{"line":31,"column":null}},"8":{"start":{"line":30,"column":10},"end":{"line":30,"column":null}},"9":{"start":{"line":33,"column":8},"end":{"line":36,"column":null}},"10":{"start":{"line":33,"column":31},"end":{"line":36,"column":10}},"11":{"start":{"line":38,"column":8},"end":{"line":40,"column":null}},"12":{"start":{"line":39,"column":10},"end":{"line":39,"column":null}},"13":{"start":{"line":42,"column":8},"end":{"line":45,"column":null}},"14":{"start":{"line":42,"column":31},"end":{"line":45,"column":10}},"15":{"start":{"line":47,"column":8},"end":{"line":47,"column":null}},"16":{"start":{"line":47,"column":31},"end":{"line":47,"column":59}},"17":{"start":{"line":53,"column":2},"end":{"line":53,"column":null}}},"fnMap":{"0":{"name":"useRequest","decl":{"start":{"line":4,"column":16},"end":{"line":4,"column":29}},"loc":{"start":{"line":4,"column":29},"end":{"line":54,"column":null}}},"1":{"name":"(anonymous_1)","decl":{"start":{"line":16,"column":4},"end":{"line":16,"column":null}},"loc":{"start":{"line":22,"column":9},"end":{"line":49,"column":null}}},"2":{"name":"(anonymous_2)","decl":{"start":{"line":23,"column":18},"end":{"line":23,"column":19}},"loc":{"start":{"line":23,"column":29},"end":{"line":23,"column":56}}},"3":{"name":"(anonymous_3)","decl":{"start":{"line":33,"column":20},"end":{"line":33,"column":21}},"loc":{"start":{"line":33,"column":31},"end":{"line":36,"column":10}}},"4":{"name":"(anonymous_4)","decl":{"start":{"line":42,"column":20},"end":{"line":42,"column":21}},"loc":{"start":{"line":42,"column":31},"end":{"line":45,"column":10}}},"5":{"name":"(anonymous_5)","decl":{"start":{"line":47,"column":20},"end":{"line":47,"column":21}},"loc":{"start":{"line":47,"column":31},"end":{"line":47,"column":59}}}},"branchMap":{"0":{"loc":{"start":{"line":29,"column":8},"end":{"line":31,"column":null}},"type":"if","locations":[{"start":{"line":29,"column":8},"end":{"line":31,"column":null}},{"start":{},"end":{}}]},"1":{"loc":{"start":{"line":29,"column":12},"end":{"line":29,"column":45}},"type":"binary-expr","locations":[{"start":{"line":29,"column":12},"end":{"line":29,"column":23}},{"start":{"line":29,"column":23},"end":{"line":29,"column":45}}]},"2":{"loc":{"start":{"line":38,"column":8},"end":{"line":40,"column":null}},"type":"if","locations":[{"start":{"line":38,"column":8},"end":{"line":40,"column":null}},{"start":{},"end":{}}]},"3":{"loc":{"start":{"line":38,"column":12},"end":{"line":38,"column":42}},"type":"binary-expr","locations":[{"start":{"line":38,"column":12},"end":{"line":38,"column":23}},{"start":{"line":38,"column":23},"end":{"line":38,"column":42}}]},"4":{"loc":{"start":{"line":44,"column":17},"end":{"line":44,"column":null}},"type":"cond-expr","locations":[{"start":{"line":44,"column":42},"end":{"line":44,"column":58}},{"start":{"line":44,"column":58},"end":{"line":44,"column":null}}]}},"s":{"0":66,"1":66,"2":29,"3":29,"4":29,"5":29,"6":28,"7":28,"8":0,"9":28,"10":11,"11":28,"12":28,"13":0,"14":0,"15":28,"16":10,"17":66},"f":{"0":66,"1":29,"2":29,"3":11,"4":0,"5":10},"b":{"0":[0,28],"1":[28,28],"2":[28,0],"3":[28,28],"4":[0,0]}}
,"/Users/ductrung/Projects/FSoft/Govtech/dcube-search/src/lib/util.tsx": {"path":"/Users/ductrung/Projects/FSoft/Govtech/dcube-search/src/lib/util.tsx","statementMap":{"0":{"start":{"line":6,"column":2},"end":{"line":6,"column":null}},"1":{"start":{"line":12,"column":6},"end":{"line":12,"column":null}},"2":{"start":{"line":13,"column":2},"end":{"line":17,"column":null}},"3":{"start":{"line":14,"column":4},"end":{"line":16,"column":null}},"4":{"start":{"line":21,"column":27},"end":{"line":21,"column":null}},"5":{"start":{"line":24,"column":2},"end":{"line":34,"column":null}},"6":{"start":{"line":26,"column":4},"end":{"line":28,"column":null}},"7":{"start":{"line":27,"column":6},"end":{"line":27,"column":null}},"8":{"start":{"line":31,"column":4},"end":{"line":33,"column":null}},"9":{"start":{"line":32,"column":6},"end":{"line":32,"column":null}},"10":{"start":{"line":36,"column":2},"end":{"line":36,"column":null}},"11":{"start":{"line":40,"column":2},"end":{"line":40,"column":null}},"12":{"start":{"line":48,"column":16},"end":{"line":48,"column":null}},"13":{"start":{"line":49,"column":30},"end":{"line":49,"column":null}},"14":{"start":{"line":51,"column":2},"end":{"line":57,"column":null}},"15":{"start":{"line":52,"column":18},"end":{"line":52,"column":null}},"16":{"start":{"line":53,"column":4},"end":{"line":53,"column":null}},"17":{"start":{"line":55,"column":20},"end":{"line":55,"column":null}},"18":{"start":{"line":56,"column":4},"end":{"line":56,"column":null}},"19":{"start":{"line":59,"column":2},"end":{"line":59,"column":null}},"20":{"start":{"line":61,"column":2},"end":{"line":63,"column":null}},"21":{"start":{"line":62,"column":4},"end":{"line":62,"column":null}},"22":{"start":{"line":65,"column":2},"end":{"line":65,"column":null}},"23":{"start":{"line":72,"column":16},"end":{"line":72,"column":null}},"24":{"start":{"line":74,"column":2},"end":{"line":79,"column":null}},"25":{"start":{"line":75,"column":18},"end":{"line":75,"column":null}},"26":{"start":{"line":76,"column":20},"end":{"line":76,"column":null}},"27":{"start":{"line":78,"column":4},"end":{"line":78,"column":null}},"28":{"start":{"line":81,"column":2},"end":{"line":81,"column":null}},"29":{"start":{"line":83,"column":2},"end":{"line":83,"column":null}}},"fnMap":{"0":{"name":"cn","decl":{"start":{"line":5,"column":16},"end":{"line":5,"column":22}},"loc":{"start":{"line":5,"column":44},"end":{"line":7,"column":null}}},"1":{"name":"uniq","decl":{"start":{"line":9,"column":9},"end":{"line":9,"column":14}},"loc":{"start":{"line":9,"column":27},"end":{"line":18,"column":null}}},"2":{"name":"(anonymous_2)","decl":{"start":{"line":13,"column":18},"end":{"line":13,"column":28}},"loc":{"start":{"line":13,"column":34},"end":{"line":17,"column":3}}},"3":{"name":"matchSearchTerm","decl":{"start":{"line":20,"column":9},"end":{"line":20,"column":25}},"loc":{"start":{"line":20,"column":54},"end":{"line":37,"column":null}}},"4":{"name":"(anonymous_4)","decl":{"start":{"line":31,"column":14},"end":{"line":31,"column":15}},"loc":{"start":{"line":31,"column":25},"end":{"line":33,"column":5}}},"5":{"name":"getSearchRegex","decl":{"start":{"line":39,"column":9},"end":{"line":39,"column":24}},"loc":{"start":{"line":39,"column":44},"end":{"line":41,"column":null}}},"6":{"name":"findSuggestions","decl":{"start":{"line":43,"column":16},"end":{"line":43,"column":null}},"loc":{"start":{"line":47,"column":2},"end":{"line":66,"column":null}}},"7":{"name":"(anonymous_7)","decl":{"start":{"line":51,"column":26},"end":{"line":51,"column":27}},"loc":{"start":{"line":51,"column":36},"end":{"line":57,"column":3}}},"8":{"name":"filterData","decl":{"start":{"line":68,"column":16},"end":{"line":68,"column":null}},"loc":{"start":{"line":71,"column":2},"end":{"line":84,"column":null}}},"9":{"name":"(anonymous_9)","decl":{"start":{"line":74,"column":43},"end":{"line":74,"column":44}},"loc":{"start":{"line":74,"column":53},"end":{"line":79,"column":3}}}},"branchMap":{"0":{"loc":{"start":{"line":14,"column":11},"end":{"line":16,"column":null}},"type":"cond-expr","locations":[{"start":{"line":15,"column":8},"end":{"line":15,"column":null}},{"start":{"line":16,"column":9},"end":{"line":16,"column":null}}]},"1":{"loc":{"start":{"line":26,"column":4},"end":{"line":28,"column":null}},"type":"if","locations":[{"start":{"line":26,"column":4},"end":{"line":28,"column":null}},{"start":{},"end":{}}]},"2":{"loc":{"start":{"line":46,"column":2},"end":{"line":46,"column":null}},"type":"default-arg","locations":[{"start":{"line":46,"column":10},"end":{"line":46,"column":null}}]},"3":{"loc":{"start":{"line":61,"column":2},"end":{"line":63,"column":null}},"type":"if","locations":[{"start":{"line":61,"column":2},"end":{"line":63,"column":null}},{"start":{},"end":{}}]},"4":{"loc":{"start":{"line":61,"column":6},"end":{"line":61,"column":26}},"type":"binary-expr","locations":[{"start":{"line":61,"column":6},"end":{"line":61,"column":15}},{"start":{"line":61,"column":15},"end":{"line":61,"column":26}}]},"5":{"loc":{"start":{"line":78,"column":11},"end":{"line":78,"column":null}},"type":"binary-expr","locations":[{"start":{"line":78,"column":11},"end":{"line":78,"column":55}},{"start":{"line":78,"column":55},"end":{"line":78,"column":null}}]}},"s":{"0":187,"1":29,"2":29,"3":1241,"4":599,"5":599,"6":1243,"7":0,"8":1243,"9":1243,"10":599,"11":30,"12":29,"13":29,"14":29,"15":290,"16":290,"17":290,"18":290,"19":29,"20":29,"21":29,"22":29,"23":1,"24":1,"25":10,"26":10,"27":10,"28":1,"29":1},"f":{"0":187,"1":29,"2":1241,"3":599,"4":1243,"5":30,"6":29,"7":290,"8":1,"9":10},"b":{"0":[141,1100],"1":[0,1243],"2":[29],"3":[29,0],"4":[29,29],"5":[10,9]}}
,"/Users/ductrung/Projects/FSoft/Govtech/dcube-search/src/pages/Landing.tsx": {"path":"/Users/ductrung/Projects/FSoft/Govtech/dcube-search/src/pages/Landing.tsx","statementMap":{"0":{"start":{"line":4,"column":2},"end":{"line":15,"column":null}}},"fnMap":{"0":{"name":"LandingPage","decl":{"start":{"line":3,"column":24},"end":{"line":3,"column":38}},"loc":{"start":{"line":3,"column":38},"end":{"line":17,"column":null}}}},"branchMap":{},"s":{"0":1},"f":{"0":1},"b":{}}
,"/Users/ductrung/Projects/FSoft/Govtech/dcube-search/src/pages/SearchResult.tsx": {"path":"/Users/ductrung/Projects/FSoft/Govtech/dcube-search/src/pages/SearchResult.tsx","statementMap":{"0":{"start":{"line":6,"column":25},"end":{"line":6,"column":null}},"1":{"start":{"line":8,"column":14},"end":{"line":8,"column":null}},"2":{"start":{"line":9,"column":2},"end":{"line":14,"column":null}}},"fnMap":{"0":{"name":"SearchResultPage","decl":{"start":{"line":5,"column":24},"end":{"line":5,"column":43}},"loc":{"start":{"line":5,"column":43},"end":{"line":16,"column":null}}}},"branchMap":{"0":{"loc":{"start":{"line":8,"column":14},"end":{"line":8,"column":null}},"type":"binary-expr","locations":[{"start":{"line":8,"column":14},"end":{"line":8,"column":41}},{"start":{"line":8,"column":41},"end":{"line":8,"column":null}}]}},"s":{"0":1,"1":1,"2":1},"f":{"0":1},"b":{"0":[1,1]}}
,"/Users/ductrung/Projects/FSoft/Govtech/dcube-search/tests/mock.ts": {"path":"/Users/ductrung/Projects/FSoft/Govtech/dcube-search/tests/mock.ts","statementMap":{"0":{"start":{"line":3,"column":22},"end":{"line":3,"column":null}},"1":{"start":{"line":4,"column":0},"end":{"line":17,"column":null}},"2":{"start":{"line":4,"column":17},"end":{"line":4,"column":20}},"3":{"start":{"line":5,"column":2},"end":{"line":16,"column":null}},"4":{"start":{"line":19,"column":25},"end":{"line":24,"column":null}},"5":{"start":{"line":27,"column":27},"end":{"line":29,"column":null}},"6":{"start":{"line":28,"column":2},"end":{"line":28,"column":null}}},"fnMap":{"0":{"name":"(anonymous_0)","decl":{"start":{"line":27,"column":52},"end":{"line":27,"column":53}},"loc":{"start":{"line":27,"column":60},"end":{"line":29,"column":1}}}},"branchMap":{},"s":{"0":3,"1":3,"2":3,"3":30,"4":3,"5":3,"6":15},"f":{"0":15},"b":{}}
}
